<?xml version="1.0" encoding="UTF-8"?>
<testsuite xmlns:xsi="http://www.w3.org/2001/XMLSchema-instance" xsi:noNamespaceSchemaLocation="https://maven.apache.org/surefire/maven-surefire-plugin/xsd/surefire-test-report-3.0.xsd" version="3.0" name="TestSuite" time="78.399" tests="7" errors="0" skipped="0" failures="0">
  <properties>
    <property name="awt.toolkit" value="sun.lwawt.macosx.LWCToolkit"/>
    <property name="java.specification.version" value="11"/>
    <property name="file.encoding.pkg" value="sun.io"/>
    <property name="jdk.extensions.version" value="11.0.11.0"/>
    <property name="webdriver.chrome.driver" value="/Users/cb-sarathkumar/.cache/selenium/chromedriver/mac64/92.0.4515.107/chromedriver"/>
    <property name="sun.jnu.encoding" value="UTF-8"/>
    <property name="java.class.path" value="/Users/cb-sarathkumar/Downloads/gemini/target/test-classes:/Users/cb-sarathkumar/Downloads/gemini/target/classes:/Users/cb-sarathkumar/.m2/repository/org/seleniumhq/selenium/selenium-java/3.141.59/selenium-java-3.141.59.jar:/Users/cb-sarathkumar/.m2/repository/org/seleniumhq/selenium/selenium-api/3.141.59/selenium-api-3.141.59.jar:/Users/cb-sarathkumar/.m2/repository/org/seleniumhq/selenium/selenium-chrome-driver/3.141.59/selenium-chrome-driver-3.141.59.jar:/Users/cb-sarathkumar/.m2/repository/org/seleniumhq/selenium/selenium-edge-driver/3.141.59/selenium-edge-driver-3.141.59.jar:/Users/cb-sarathkumar/.m2/repository/org/seleniumhq/selenium/selenium-firefox-driver/3.141.59/selenium-firefox-driver-3.141.59.jar:/Users/cb-sarathkumar/.m2/repository/org/seleniumhq/selenium/selenium-ie-driver/3.141.59/selenium-ie-driver-3.141.59.jar:/Users/cb-sarathkumar/.m2/repository/org/seleniumhq/selenium/selenium-opera-driver/3.141.59/selenium-opera-driver-3.141.59.jar:/Users/cb-sarathkumar/.m2/repository/org/seleniumhq/selenium/selenium-remote-driver/3.141.59/selenium-remote-driver-3.141.59.jar:/Users/cb-sarathkumar/.m2/repository/org/seleniumhq/selenium/selenium-safari-driver/3.141.59/selenium-safari-driver-3.141.59.jar:/Users/cb-sarathkumar/.m2/repository/org/seleniumhq/selenium/selenium-support/3.141.59/selenium-support-3.141.59.jar:/Users/cb-sarathkumar/.m2/repository/net/bytebuddy/byte-buddy/1.8.15/byte-buddy-1.8.15.jar:/Users/cb-sarathkumar/.m2/repository/org/apache/commons/commons-exec/1.3/commons-exec-1.3.jar:/Users/cb-sarathkumar/.m2/repository/com/google/guava/guava/25.0-jre/guava-25.0-jre.jar:/Users/cb-sarathkumar/.m2/repository/com/google/code/findbugs/jsr305/1.3.9/jsr305-1.3.9.jar:/Users/cb-sarathkumar/.m2/repository/org/checkerframework/checker-compat-qual/2.0.0/checker-compat-qual-2.0.0.jar:/Users/cb-sarathkumar/.m2/repository/com/google/errorprone/error_prone_annotations/2.1.3/error_prone_annotations-2.1.3.jar:/Users/cb-sarathkumar/.m2/repository/com/google/j2objc/j2objc-annotations/1.1/j2objc-annotations-1.1.jar:/Users/cb-sarathkumar/.m2/repository/org/codehaus/mojo/animal-sniffer-annotations/1.14/animal-sniffer-annotations-1.14.jar:/Users/cb-sarathkumar/.m2/repository/com/squareup/okhttp3/okhttp/3.11.0/okhttp-3.11.0.jar:/Users/cb-sarathkumar/.m2/repository/com/squareup/okio/okio/1.14.0/okio-1.14.0.jar:/Users/cb-sarathkumar/.m2/repository/org/testng/testng/7.4.0/testng-7.4.0.jar:/Users/cb-sarathkumar/.m2/repository/com/beust/jcommander/1.78/jcommander-1.78.jar:/Users/cb-sarathkumar/.m2/repository/org/webjars/jquery/3.5.1/jquery-3.5.1.jar:/Users/cb-sarathkumar/.m2/repository/io/github/bonigarcia/webdrivermanager/4.4.3/webdrivermanager-4.4.3.jar:/Users/cb-sarathkumar/.m2/repository/org/slf4j/slf4j-api/1.7.30/slf4j-api-1.7.30.jar:/Users/cb-sarathkumar/.m2/repository/commons-io/commons-io/2.8.0/commons-io-2.8.0.jar:/Users/cb-sarathkumar/.m2/repository/com/google/code/gson/gson/2.8.6/gson-2.8.6.jar:/Users/cb-sarathkumar/.m2/repository/org/apache/commons/commons-lang3/3.12.0/commons-lang3-3.12.0.jar:/Users/cb-sarathkumar/.m2/repository/org/apache/httpcomponents/client5/httpclient5/5.0.3/httpclient5-5.0.3.jar:/Users/cb-sarathkumar/.m2/repository/org/apache/httpcomponents/core5/httpcore5/5.0.2/httpcore5-5.0.2.jar:/Users/cb-sarathkumar/.m2/repository/org/apache/httpcomponents/core5/httpcore5-h2/5.0.2/httpcore5-h2-5.0.2.jar:/Users/cb-sarathkumar/.m2/repository/commons-codec/commons-codec/1.13/commons-codec-1.13.jar:/Users/cb-sarathkumar/.m2/repository/org/rauschig/jarchivelib/1.1.0/jarchivelib-1.1.0.jar:/Users/cb-sarathkumar/.m2/repository/org/apache/commons/commons-compress/1.20/commons-compress-1.20.jar:/Users/cb-sarathkumar/.m2/repository/org/jsoup/jsoup/1.13.1/jsoup-1.13.1.jar:/Users/cb-sarathkumar/.m2/repository/com/googlecode/json-simple/json-simple/1.1.1/json-simple-1.1.1.jar:/Users/cb-sarathkumar/.m2/repository/junit/junit/4.10/junit-4.10.jar:/Users/cb-sarathkumar/.m2/repository/org/hamcrest/hamcrest-core/1.1/hamcrest-core-1.1.jar:"/>
    <property name="java.vm.vendor" value="Eclipse OpenJ9"/>
    <property name="sun.arch.data.model" value="64"/>
    <property name="com.ibm.vm.bitmode" value="64"/>
    <property name="user.variant" value=""/>
    <property name="com.ibm.oti.vm.library.version" value="29"/>
    <property name="java.vendor.url" value="https://adoptopenjdk.net/"/>
    <property name="user.timezone" value="Asia/Kolkata"/>
    <property name="java.vm.specification.version" value="11"/>
    <property name="os.name" value="Mac OS X"/>
    <property name="sun.java.launcher" value="SUN_STANDARD"/>
    <property name="user.country" value="US"/>
    <property name="sun.boot.library.path" value="/Users/cb-sarathkumar/.sdkman/candidates/java/11.0.11.j9-adpt/lib/default:/Users/cb-sarathkumar/.sdkman/candidates/java/11.0.11.j9-adpt/lib"/>
    <property name="sun.java.command" value="/Users/cb-sarathkumar/Downloads/gemini/target/surefire/surefirebooter1895615250229859367.jar /Users/cb-sarathkumar/Downloads/gemini/target/surefire 2021-08-15T01-16-27_293-jvmRun1 surefire739559280169876925tmp surefire_01527913019809061474tmp"/>
    <property name="surefire.test.class.path" value="/Users/cb-sarathkumar/Downloads/gemini/target/test-classes:/Users/cb-sarathkumar/Downloads/gemini/target/classes:/Users/cb-sarathkumar/.m2/repository/org/seleniumhq/selenium/selenium-java/3.141.59/selenium-java-3.141.59.jar:/Users/cb-sarathkumar/.m2/repository/org/seleniumhq/selenium/selenium-api/3.141.59/selenium-api-3.141.59.jar:/Users/cb-sarathkumar/.m2/repository/org/seleniumhq/selenium/selenium-chrome-driver/3.141.59/selenium-chrome-driver-3.141.59.jar:/Users/cb-sarathkumar/.m2/repository/org/seleniumhq/selenium/selenium-edge-driver/3.141.59/selenium-edge-driver-3.141.59.jar:/Users/cb-sarathkumar/.m2/repository/org/seleniumhq/selenium/selenium-firefox-driver/3.141.59/selenium-firefox-driver-3.141.59.jar:/Users/cb-sarathkumar/.m2/repository/org/seleniumhq/selenium/selenium-ie-driver/3.141.59/selenium-ie-driver-3.141.59.jar:/Users/cb-sarathkumar/.m2/repository/org/seleniumhq/selenium/selenium-opera-driver/3.141.59/selenium-opera-driver-3.141.59.jar:/Users/cb-sarathkumar/.m2/repository/org/seleniumhq/selenium/selenium-remote-driver/3.141.59/selenium-remote-driver-3.141.59.jar:/Users/cb-sarathkumar/.m2/repository/org/seleniumhq/selenium/selenium-safari-driver/3.141.59/selenium-safari-driver-3.141.59.jar:/Users/cb-sarathkumar/.m2/repository/org/seleniumhq/selenium/selenium-support/3.141.59/selenium-support-3.141.59.jar:/Users/cb-sarathkumar/.m2/repository/net/bytebuddy/byte-buddy/1.8.15/byte-buddy-1.8.15.jar:/Users/cb-sarathkumar/.m2/repository/org/apache/commons/commons-exec/1.3/commons-exec-1.3.jar:/Users/cb-sarathkumar/.m2/repository/com/google/guava/guava/25.0-jre/guava-25.0-jre.jar:/Users/cb-sarathkumar/.m2/repository/com/google/code/findbugs/jsr305/1.3.9/jsr305-1.3.9.jar:/Users/cb-sarathkumar/.m2/repository/org/checkerframework/checker-compat-qual/2.0.0/checker-compat-qual-2.0.0.jar:/Users/cb-sarathkumar/.m2/repository/com/google/errorprone/error_prone_annotations/2.1.3/error_prone_annotations-2.1.3.jar:/Users/cb-sarathkumar/.m2/repository/com/google/j2objc/j2objc-annotations/1.1/j2objc-annotations-1.1.jar:/Users/cb-sarathkumar/.m2/repository/org/codehaus/mojo/animal-sniffer-annotations/1.14/animal-sniffer-annotations-1.14.jar:/Users/cb-sarathkumar/.m2/repository/com/squareup/okhttp3/okhttp/3.11.0/okhttp-3.11.0.jar:/Users/cb-sarathkumar/.m2/repository/com/squareup/okio/okio/1.14.0/okio-1.14.0.jar:/Users/cb-sarathkumar/.m2/repository/org/testng/testng/7.4.0/testng-7.4.0.jar:/Users/cb-sarathkumar/.m2/repository/com/beust/jcommander/1.78/jcommander-1.78.jar:/Users/cb-sarathkumar/.m2/repository/org/webjars/jquery/3.5.1/jquery-3.5.1.jar:/Users/cb-sarathkumar/.m2/repository/io/github/bonigarcia/webdrivermanager/4.4.3/webdrivermanager-4.4.3.jar:/Users/cb-sarathkumar/.m2/repository/org/slf4j/slf4j-api/1.7.30/slf4j-api-1.7.30.jar:/Users/cb-sarathkumar/.m2/repository/commons-io/commons-io/2.8.0/commons-io-2.8.0.jar:/Users/cb-sarathkumar/.m2/repository/com/google/code/gson/gson/2.8.6/gson-2.8.6.jar:/Users/cb-sarathkumar/.m2/repository/org/apache/commons/commons-lang3/3.12.0/commons-lang3-3.12.0.jar:/Users/cb-sarathkumar/.m2/repository/org/apache/httpcomponents/client5/httpclient5/5.0.3/httpclient5-5.0.3.jar:/Users/cb-sarathkumar/.m2/repository/org/apache/httpcomponents/core5/httpcore5/5.0.2/httpcore5-5.0.2.jar:/Users/cb-sarathkumar/.m2/repository/org/apache/httpcomponents/core5/httpcore5-h2/5.0.2/httpcore5-h2-5.0.2.jar:/Users/cb-sarathkumar/.m2/repository/commons-codec/commons-codec/1.13/commons-codec-1.13.jar:/Users/cb-sarathkumar/.m2/repository/org/rauschig/jarchivelib/1.1.0/jarchivelib-1.1.0.jar:/Users/cb-sarathkumar/.m2/repository/org/apache/commons/commons-compress/1.20/commons-compress-1.20.jar:/Users/cb-sarathkumar/.m2/repository/org/jsoup/jsoup/1.13.1/jsoup-1.13.1.jar:/Users/cb-sarathkumar/.m2/repository/com/googlecode/json-simple/json-simple/1.1.1/json-simple-1.1.1.jar:/Users/cb-sarathkumar/.m2/repository/junit/junit/4.10/junit-4.10.jar:/Users/cb-sarathkumar/.m2/repository/org/hamcrest/hamcrest-core/1.1/hamcrest-core-1.1.jar:"/>
    <property name="sun.cpu.endian" value="little"/>
    <property name="user.home" value="/Users/cb-sarathkumar"/>
    <property name="user.language" value="en"/>
    <property name="java.specification.vendor" value="Oracle Corporation"/>
    <property name="java.version.date" value="2021-04-20"/>
    <property name="java.home" value="/Users/cb-sarathkumar/.sdkman/candidates/java/11.0.11.j9-adpt"/>
    <property name="ibm.signalhandling.rs" value="false"/>
    <property name="testng.dtd.http" value="true"/>
    <property name="jdk.extensions.name" value="Extensions for OpenJDK for Eclipse OpenJ9"/>
    <property name="file.separator" value="/"/>
    <property name="basedir" value="/Users/cb-sarathkumar/Downloads/gemini"/>
    <property name="line.separator" value="&#10;"/>
    <property name="java.specification.name" value="Java Platform API Specification"/>
    <property name="java.vm.specification.vendor" value="Oracle Corporation"/>
    <property name="java.compiler" value="j9jit29"/>
    <property name="com.ibm.util.extralibs.properties" value=""/>
    <property name="java.awt.graphicsenv" value="sun.awt.CGraphicsEnvironment"/>
    <property name="com.ibm.oti.configuration" value="scar"/>
    <property name="surefire.real.class.path" value="/Users/cb-sarathkumar/Downloads/gemini/target/surefire/surefirebooter1895615250229859367.jar"/>
    <property name="com.ibm.oti.shared.enabled" value="false"/>
    <property name="com.ibm.oti.vm.bootstrap.library.path" value="/Users/cb-sarathkumar/.sdkman/candidates/java/11.0.11.j9-adpt/lib/default:/Users/cb-sarathkumar/.sdkman/candidates/java/11.0.11.j9-adpt/lib"/>
    <property name="com.ibm.cpu.endian" value="little"/>
    <property name="java.fullversion" value="11.0.11+9&#10;JRE 11 Mac OS X amd64-64-Bit Compressed References 20210421_957 (JIT enabled, AOT enabled)&#10;OpenJ9   - b4cc246d9&#10;OMR      - 162e6f729&#10;JCL      - 7796c80419 based on jdk-11.0.11+9"/>
    <property name="java.runtime.version" value="11.0.11+9"/>
    <property name="user.name" value="cb-sarathkumar"/>
    <property name="path.separator" value=":"/>
    <property name="os.version" value="10.16"/>
    <property name="java.runtime.name" value="OpenJDK Runtime Environment"/>
    <property name="ibm.signalhandling.sigint" value="true"/>
    <property name="file.encoding" value="UTF-8"/>
    <property name="java.vm.name" value="Eclipse OpenJ9 VM"/>
    <property name="java.vendor.version" value="AdoptOpenJDK-11.0.11+9"/>
    <property name="ibm.signalhandling.sigchain" value="true"/>
    <property name="localRepository" value="/Users/cb-sarathkumar/.m2/repository"/>
    <property name="java.vendor.url.bug" value="https://github.com/AdoptOpenJDK/openjdk-support/issues"/>
    <property name="java.io.tmpdir" value="/var/folders/h7/c2fvdv9s1qjcj6hgjnglqlz80000gq/T/"/>
    <property name="java.version" value="11.0.11"/>
    <property name="com.ibm.system.agent.path" value="/Users/cb-sarathkumar/.sdkman/candidates/java/11.0.11.j9-adpt/lib"/>
    <property name="user.dir" value="/Users/cb-sarathkumar/Downloads/gemini"/>
    <property name="os.arch" value="x86_64"/>
    <property name="java.vm.specification.name" value="Java Virtual Machine Specification"/>
    <property name="java.awt.printerjob" value="sun.lwawt.macosx.CPrinterJob"/>
    <property name="os.encoding" value="UTF-8"/>
    <property name="java.library.path" value="/Users/cb-sarathkumar/.sdkman/candidates/java/11.0.11.j9-adpt/lib/default:/Users/cb-sarathkumar/.sdkman/candidates/java/11.0.11.j9-adpt/lib:/usr/lib"/>
    <property name="java.vm.info" value="JRE 11 Mac OS X amd64-64-Bit Compressed References 20210421_957 (JIT enabled, AOT enabled)&#10;OpenJ9   - b4cc246d9&#10;OMR      - 162e6f729&#10;JCL      - 7796c80419 based on jdk-11.0.11+9"/>
    <property name="java.vendor" value="AdoptOpenJDK"/>
    <property name="java.vm.version" value="openj9-0.26.0"/>
    <property name="ibm.system.encoding" value="UTF-8"/>
    <property name="com.ibm.jcl.checkClassPath" value=""/>
    <property name="sun.io.unicode.encoding" value="UnicodeLittle"/>
    <property name="java.class.version" value="55.0"/>
  </properties>
  <testcase name="emptyMandatoryFields" classname="tests.LoginTest" time="4.173"/>
  <testcase name="invalidEmailId" classname="tests.LoginTest" time="15.066"/>
  <testcase name="invalidFirstName" classname="tests.LoginTest" time="12.193"/>
  <testcase name="invalidLastName" classname="tests.LoginTest" time="11.91"/>
  <testcase name="invalidMiddleName" classname="tests.LoginTest" time="16.723"/>
  <testcase name="validRegistration" classname="tests.LoginTest" time="6.01"/>
  <testcase name="validateToolTip" classname="tests.LoginTest" time="3.898"/>
</testsuite>