<?xml version="1.0" encoding="UTF-8"?>
<!-- Generated by org.testng.reporters.JUnitReportReporter -->
<testsuite hostname="CBIT01580.local" failures="0" tests="7" name="tests.LoginTest" time="69.974" errors="0" timestamp="2021-08-15T01:17:46 IST" skipped="0">
  <testcase classname="tests.LoginTest" name="invalidFirstName" time="12.195"/>
  <system-out/>
  <testcase classname="tests.LoginTest" name="validRegistration" time="6.010"/>
  <system-out/>
  <testcase classname="tests.LoginTest" name="validateToolTip" time="3.899"/>
  <system-out/>
  <testcase classname="tests.LoginTest" name="invalidLastName" time="11.911"/>
  <system-out/>
  <testcase classname="tests.LoginTest" name="invalidMiddleName" time="16.723"/>
  <system-out/>
  <testcase classname="tests.LoginTest" name="emptyMandatoryFields" time="4.171"/>
  <system-out/>
  <testcase classname="tests.LoginTest" name="invalidEmailId" time="15.065"/>
  <system-out/>
</testsuite> <!-- tests.LoginTest -->
